<?xml version="1.0" encoding="UTF-8"?>
<!-- Generated by org.testng.reporters.JUnitXMLReporter -->
<testsuite ignored="0" hostname="DESKTOP-SEH0FS9" failures="0" tests="3" name="Default test" time="0.554" errors="0" timestamp="2023-12-18T20:22:09 IST">
  <testcase classname="com.simplilearn.testng.AssertionTest" name="hardAssertTest" time="0.07"/>
  <testcase classname="com.simplilearn.testng.AssertionTest" name="softAssertTest" time="0.144"/>
  <testcase classname="com.simplilearn.testng.AssertionTest" name="testAsserts" time="0.019"/>
</testsuite> <!-- Default test -->
