<?xml version="1.0" encoding="UTF-8"?>
<testng-results ignored="0" total="3" passed="3" failed="0" skipped="0">
  <reporter-output>
  </reporter-output>
  <suite started-at="2023-12-18T20:22:09 IST" name="Default suite" finished-at="2023-12-18T20:22:09 IST" duration-ms="554">
    <groups>
    </groups>
    <test started-at="2023-12-18T20:22:09 IST" name="Default test" finished-at="2023-12-18T20:22:09 IST" duration-ms="554">
      <class name="com.simplilearn.testng.AssertionTest">
        <test-method signature="hardAssertTest()[pri:0, instance:com.simplilearn.testng.AssertionTest@4d465b11]" started-at="2023-12-18T20:22:09 IST" name="hardAssertTest" description="Hard Assert method Test" finished-at="2023-12-18T20:22:09 IST" duration-ms="70" status="PASS">
          <reporter-output>
          </reporter-output>
        </test-method> <!-- hardAssertTest -->
        <test-method signature="softAssertTest()[pri:0, instance:com.simplilearn.testng.AssertionTest@4d465b11]" started-at="2023-12-18T20:22:09 IST" name="softAssertTest" description="Soft Assert method Test" finished-at="2023-12-18T20:22:09 IST" duration-ms="144" status="PASS">
          <reporter-output>
          </reporter-output>
        </test-method> <!-- softAssertTest -->
        <test-method signature="testAsserts()[pri:0, instance:com.simplilearn.testng.AssertionTest@4d465b11]" started-at="2023-12-18T20:22:09 IST" name="testAsserts" finished-at="2023-12-18T20:22:09 IST" duration-ms="19" status="PASS">
          <reporter-output>
          </reporter-output>
        </test-method> <!-- testAsserts -->
      </class> <!-- com.simplilearn.testng.AssertionTest -->
    </test> <!-- Default test -->
  </suite> <!-- Default suite -->
</testng-results>
